2025-01-18 10:56:53 Loading main app package /usr/lib/obsidian/obsidian.asar
2025-01-18 10:56:57 Checking for update using Github
2025-01-18 10:57:00 Success.
2025-01-18 10:57:00 Latest version is 1.7.7
2025-01-18 10:57:00 App is up to date.
2025-01-18 10:59:51 Loading main app package /usr/lib/obsidian/obsidian.asar
2025-01-18 10:59:52 Checking for update using Github
2025-01-18 10:59:52 Success.
2025-01-18 10:59:52 Latest version is 1.7.7
2025-01-18 10:59:52 App is up to date.
2025-01-22 18:23:53 Loading main app package /usr/lib/obsidian/obsidian.asar
2025-01-22 18:23:56 Checking for update using Github
2025-01-22 18:23:57 Success.
2025-01-22 18:23:57 Latest version is 1.7.7
2025-01-22 18:23:57 App is up to date.
2025-01-22 19:23:53 Checking for update using Github
2025-01-22 19:23:54 Success.
2025-01-22 19:23:54 Latest version is 1.7.7
2025-01-22 19:23:54 App is up to date.
2025-01-23 09:01:54 Loading main app package /usr/lib/obsidian/obsidian.asar
2025-01-23 09:01:54 Checking for update using Github
2025-01-23 09:01:55 Success.
2025-01-23 09:01:55 Latest version is 1.7.7
2025-01-23 09:01:55 App is up to date.
2025-01-23 10:01:54 Checking for update using Github
2025-01-23 10:01:54 Success.
2025-01-23 10:01:54 Latest version is 1.7.7
2025-01-23 10:01:54 App is up to date.
2025-01-23 11:01:54 Checking for update using Github
2025-01-23 11:01:54 Success.
2025-01-23 11:01:54 Latest version is 1.7.7
2025-01-23 11:01:54 App is up to date.
2025-01-23 12:01:54 Checking for update using Github
2025-01-23 12:01:54 Success.
2025-01-23 12:01:54 Latest version is 1.7.7
2025-01-23 12:01:54 App is up to date.
2025-01-23 13:01:54 Checking for update using Github
2025-01-23 13:01:55 Success.
2025-01-23 13:01:55 Latest version is 1.7.7
2025-01-23 13:01:55 App is up to date.
2025-01-23 14:01:54 Checking for update using Github
2025-01-23 14:01:55 Success.
2025-01-23 14:01:55 Latest version is 1.7.7
2025-01-23 14:01:55 App is up to date.
2025-01-23 15:01:54 Checking for update using Github
2025-01-23 15:01:55 Success.
2025-01-23 15:01:55 Latest version is 1.7.7
2025-01-23 15:01:55 App is up to date.
2025-01-23 16:01:54 Checking for update using Github
2025-01-23 16:01:55 Success.
2025-01-23 16:01:55 Latest version is 1.7.7
2025-01-23 16:01:55 App is up to date.
2025-01-23 17:01:54 Checking for update using Github
2025-01-23 17:01:55 Success.
2025-01-23 17:01:55 Latest version is 1.7.7
2025-01-23 17:01:55 App is up to date.
2025-01-23 21:18:45 Loading main app package /usr/lib/obsidian/obsidian.asar
2025-01-23 21:18:45 Checking for update using Github
2025-01-23 21:18:45 Success.
2025-01-23 21:18:45 Latest version is 1.7.7
2025-01-23 21:18:45 App is up to date.
2025-01-23 22:18:45 Checking for update using Github
2025-01-23 22:18:45 Success.
2025-01-23 22:18:45 Latest version is 1.7.7
2025-01-23 22:18:45 App is up to date.
2025-01-23 22:27:07 Loading main app package /usr/lib/obsidian/obsidian.asar
2025-01-23 22:27:07 Checking for update using Github
2025-01-23 22:27:07 Success.
2025-01-23 22:27:07 Latest version is 1.7.7
2025-01-23 22:27:07 App is up to date.
2025-01-24 13:58:11 Loading main app package /usr/lib/obsidian/obsidian.asar
2025-01-24 13:58:15 Checking for update using Github
2025-01-24 13:58:16 Success.
2025-01-24 13:58:16 Latest version is 1.7.7
2025-01-24 13:58:16 App is up to date.
2025-01-24 14:58:11 Checking for update using Github
2025-01-24 14:58:12 Success.
2025-01-24 14:58:12 Latest version is 1.7.7
2025-01-24 14:58:12 App is up to date.
2025-01-24 15:58:11 Checking for update using Github
2025-01-24 15:58:12 Success.
2025-01-24 15:58:12 Latest version is 1.7.7
2025-01-24 15:58:12 App is up to date.
2025-01-24 16:58:11 Checking for update using Github
2025-01-24 16:58:12 Success.
2025-01-24 16:58:12 Latest version is 1.7.7
2025-01-24 16:58:12 App is up to date.
2025-01-24 17:58:11 Checking for update using Github
2025-01-24 17:58:12 Success.
2025-01-24 17:58:12 Latest version is 1.7.7
2025-01-24 17:58:12 App is up to date.
2025-01-24 18:58:11 Checking for update using Github
2025-01-24 18:58:12 Success.
2025-01-24 18:58:12 Latest version is 1.7.7
2025-01-24 18:58:12 App is up to date.
2025-01-24 19:58:12 Checking for update using Github
2025-01-24 19:58:12 Success.
2025-01-24 19:58:12 Latest version is 1.7.7
2025-01-24 19:58:12 App is up to date.
2025-01-24 20:58:12 Checking for update using Github
2025-01-24 20:58:12 Success.
2025-01-24 20:58:12 Latest version is 1.7.7
2025-01-24 20:58:12 App is up to date.
2025-01-24 21:58:12 Checking for update using Github
2025-01-24 21:58:13 Success.
2025-01-24 21:58:13 Latest version is 1.7.7
2025-01-24 21:58:13 App is up to date.
2025-01-25 05:12:07 Checking for update using Github
2025-01-25 05:12:07 Success.
2025-01-25 05:12:07 Latest version is 1.7.7
2025-01-25 05:12:07 App is up to date.
2025-01-25 06:12:07 Checking for update using Github
2025-01-25 06:12:08 Success.
2025-01-25 06:12:08 Latest version is 1.7.7
2025-01-25 06:12:08 App is up to date.
2025-01-25 07:12:07 Checking for update using Github
2025-01-25 07:12:08 Success.
2025-01-25 07:12:08 Latest version is 1.7.7
2025-01-25 07:12:08 App is up to date.
2025-01-25 08:12:07 Checking for update using Github
2025-01-25 08:12:08 Success.
2025-01-25 08:12:08 Latest version is 1.7.7
2025-01-25 08:12:08 App is up to date.
2025-01-25 09:12:07 Checking for update using Github
2025-01-25 09:12:08 Success.
2025-01-25 09:12:08 Latest version is 1.7.7
2025-01-25 09:12:08 App is up to date.
2025-01-25 10:12:07 Checking for update using Github
2025-01-25 10:12:08 Success.
2025-01-25 10:12:08 Latest version is 1.7.7
2025-01-25 10:12:08 App is up to date.
2025-01-25 11:12:08 Checking for update using Github
2025-01-25 11:12:09 Success.
2025-01-25 11:12:09 Latest version is 1.7.7
2025-01-25 11:12:09 App is up to date.
2025-01-25 12:12:08 Checking for update using Github
2025-01-25 12:12:08 Success.
2025-01-25 12:12:08 Latest version is 1.7.7
2025-01-25 12:12:08 App is up to date.
2025-01-25 13:12:08 Checking for update using Github
2025-01-25 13:12:08 Success.
2025-01-25 13:12:08 Latest version is 1.7.7
2025-01-25 13:12:08 App is up to date.
2025-01-25 14:12:08 Checking for update using Github
2025-01-25 14:12:08 Success.
2025-01-25 14:12:08 Latest version is 1.7.7
2025-01-25 14:12:08 App is up to date.
2025-01-25 15:12:08 Checking for update using Github
2025-01-25 15:12:08 Success.
2025-01-25 15:12:08 Latest version is 1.7.7
2025-01-25 15:12:08 App is up to date.
2025-01-25 16:12:08 Checking for update using Github
2025-01-25 16:12:08 Success.
2025-01-25 16:12:08 Latest version is 1.7.7
2025-01-25 16:12:08 App is up to date.
2025-01-25 17:12:08 Checking for update using Github
2025-01-25 17:12:08 Success.
2025-01-25 17:12:08 Latest version is 1.7.7
2025-01-25 17:12:08 App is up to date.
2025-01-25 18:12:08 Checking for update using Github
2025-01-25 18:12:08 Success.
2025-01-25 18:12:08 Latest version is 1.7.7
2025-01-25 18:12:08 App is up to date.
2025-01-25 19:12:08 Checking for update using Github
2025-01-25 19:12:08 Success.
2025-01-25 19:12:08 Latest version is 1.7.7
2025-01-25 19:12:08 App is up to date.
2025-01-25 20:12:08 Checking for update using Github
2025-01-25 20:12:09 Success.
2025-01-25 20:12:09 Latest version is 1.7.7
2025-01-25 20:12:09 App is up to date.
2025-01-25 21:12:08 Checking for update using Github
2025-01-25 21:12:09 Success.
2025-01-25 21:12:09 Latest version is 1.7.7
2025-01-25 21:12:09 App is up to date.
2025-01-25 22:12:08 Checking for update using Github
2025-01-25 22:12:09 Success.
2025-01-25 22:12:09 Latest version is 1.7.7
2025-01-25 22:12:09 App is up to date.
2025-01-26 11:53:39 Checking for update using Github
2025-01-26 11:53:39 Success.
2025-01-26 11:53:39 Latest version is 1.7.7
2025-01-26 11:53:39 App is up to date.
2025-01-26 12:53:39 Checking for update using Github
2025-01-26 12:53:40 Success.
2025-01-26 12:53:40 Latest version is 1.7.7
2025-01-26 12:53:40 App is up to date.
2025-01-26 13:53:39 Checking for update using Github
2025-01-26 13:53:39 Success.
2025-01-26 13:53:39 Latest version is 1.7.7
2025-01-26 13:53:39 App is up to date.
2025-01-26 14:53:39 Checking for update using Github
2025-01-26 14:53:39 Success.
2025-01-26 14:53:39 Latest version is 1.7.7
2025-01-26 14:53:39 App is up to date.
2025-01-26 15:53:39 Checking for update using Github
2025-01-26 15:53:39 Success.
2025-01-26 15:53:39 Latest version is 1.7.7
2025-01-26 15:53:39 App is up to date.
2025-01-26 16:53:39 Checking for update using Github
2025-01-26 16:53:39 Success.
2025-01-26 16:53:39 Latest version is 1.7.7
2025-01-26 16:53:39 App is up to date.
2025-01-26 17:53:39 Checking for update using Github
2025-01-26 17:53:40 Success.
2025-01-26 17:53:40 Latest version is 1.7.7
2025-01-26 17:53:40 App is up to date.
2025-01-26 18:53:39 Checking for update using Github
2025-01-26 18:53:40 Success.
2025-01-26 18:53:40 Latest version is 1.7.7
2025-01-26 18:53:40 App is up to date.
2025-01-26 19:53:39 Checking for update using Github
2025-01-26 19:53:40 Success.
2025-01-26 19:53:40 Latest version is 1.7.7
2025-01-26 19:53:40 App is up to date.
2025-01-26 20:53:39 Checking for update using Github
2025-01-26 20:53:40 Success.
2025-01-26 20:53:40 Latest version is 1.7.7
2025-01-26 20:53:40 App is up to date.
2025-01-26 21:53:39 Checking for update using Github
2025-01-26 21:53:40 Success.
2025-01-26 21:53:40 Latest version is 1.7.7
2025-01-26 21:53:40 App is up to date.
2025-01-27 19:49:22 Loading main app package /usr/lib/obsidian/obsidian.asar
2025-01-27 19:49:26 Checking for update using Github
2025-01-27 19:49:27 Success.
2025-01-27 19:49:27 Latest version is 1.7.7
2025-01-27 19:49:27 App is up to date.
2025-01-27 20:49:22 Checking for update using Github
2025-01-27 20:49:22 Success.
2025-01-27 20:49:22 Latest version is 1.7.7
2025-01-27 20:49:22 App is up to date.
2025-01-27 21:49:22 Checking for update using Github
2025-01-27 21:49:22 Success.
2025-01-27 21:49:22 Latest version is 1.7.7
2025-01-27 21:49:22 App is up to date.
2025-01-27 22:49:22 Checking for update using Github
2025-01-27 22:49:22 Success.
2025-01-27 22:49:22 Latest version is 1.7.7
2025-01-27 22:49:22 App is up to date.
2025-01-28 05:40:23 Checking for update using Github
2025-01-28 05:40:23 Success.
2025-01-28 05:40:23 Latest version is 1.7.7
2025-01-28 05:40:23 App is up to date.
2025-01-28 06:40:23 Checking for update using Github
2025-01-28 06:40:23 Success.
2025-01-28 06:40:23 Latest version is 1.7.7
2025-01-28 06:40:23 App is up to date.
2025-01-28 07:40:23 Checking for update using Github
2025-01-28 07:40:24 Success.
2025-01-28 07:40:24 Latest version is 1.7.7
2025-01-28 07:40:24 App is up to date.
2025-01-28 08:40:23 Checking for update using Github
2025-01-28 08:40:24 Success.
2025-01-28 08:40:24 Latest version is 1.7.7
2025-01-28 08:40:24 App is up to date.
2025-01-28 09:40:23 Checking for update using Github
2025-01-28 09:40:24 Success.
2025-01-28 09:40:24 Latest version is 1.7.7
2025-01-28 09:40:24 App is up to date.
2025-01-28 10:40:24 Checking for update using Github
2025-01-28 10:40:24 Success.
2025-01-28 10:40:24 Latest version is 1.7.7
2025-01-28 10:40:24 App is up to date.
2025-01-28 11:40:24 Checking for update using Github
2025-01-28 11:40:24 Success.
2025-01-28 11:40:24 Latest version is 1.7.7
2025-01-28 11:40:24 App is up to date.
2025-01-28 12:40:24 Checking for update using Github
2025-01-28 12:40:24 Success.
2025-01-28 12:40:24 Latest version is 1.7.7
2025-01-28 12:40:24 App is up to date.
2025-01-28 13:40:24 Checking for update using Github
2025-01-28 13:40:24 Success.
2025-01-28 13:40:24 Latest version is 1.7.7
2025-01-28 13:40:24 App is up to date.
2025-01-28 14:40:24 Checking for update using Github
2025-01-28 14:40:28 Success.
2025-01-28 14:40:28 Latest version is 1.7.7
2025-01-28 14:40:28 App is up to date.
2025-01-28 15:40:24 Checking for update using Github
2025-01-28 15:40:24 Success.
2025-01-28 15:40:24 Latest version is 1.7.7
2025-01-28 15:40:24 App is up to date.
2025-01-28 16:40:24 Checking for update using Github
2025-01-28 16:40:24 Success.
2025-01-28 16:40:24 Latest version is 1.7.7
2025-01-28 16:40:24 App is up to date.
2025-01-28 17:40:24 Checking for update using Github
2025-01-28 17:40:24 Success.
2025-01-28 17:40:24 Latest version is 1.7.7
2025-01-28 17:40:24 App is up to date.
2025-01-28 18:40:24 Checking for update using Github
2025-01-28 18:40:24 Success.
2025-01-28 18:40:24 Latest version is 1.7.7
2025-01-28 18:40:24 App is up to date.
2025-01-28 19:40:24 Checking for update using Github
2025-01-28 19:40:25 Success.
2025-01-28 19:40:25 Latest version is 1.7.7
2025-01-28 19:40:25 App is up to date.
2025-01-28 20:40:24 Checking for update using Github
2025-01-28 20:40:25 Success.
2025-01-28 20:40:25 Latest version is 1.7.7
2025-01-28 20:40:25 App is up to date.
2025-01-28 21:40:24 Checking for update using Github
2025-01-28 21:40:25 Success.
2025-01-28 21:40:25 Latest version is 1.7.7
2025-01-28 21:40:25 App is up to date.
2025-01-29 14:31:07 Checking for update using Github
2025-01-29 14:31:07 Success.
2025-01-29 14:31:07 Latest version is 1.7.7
2025-01-29 14:31:07 App is up to date.
2025-01-29 15:31:07 Checking for update using Github
2025-01-29 15:31:08 Success.
2025-01-29 15:31:08 Latest version is 1.7.7
2025-01-29 15:31:08 App is up to date.
2025-01-29 21:44:01 Loading main app package /usr/lib/obsidian/obsidian.asar
2025-01-29 21:44:03 Checking for update using Github
2025-01-29 21:44:05 Success.
2025-01-29 21:44:05 Latest version is 1.7.7
2025-01-29 21:44:05 App is up to date.
2025-01-30 04:48:12 Checking for update using Github
2025-01-30 04:48:12 Success.
2025-01-30 04:48:12 Latest version is 1.7.7
2025-01-30 04:48:12 App is up to date.
2025-01-30 05:48:13 Checking for update using Github
2025-01-30 05:48:13 Success.
2025-01-30 05:48:13 Latest version is 1.7.7
2025-01-30 05:48:13 App is up to date.
2025-01-30 06:48:13 Checking for update using Github
2025-01-30 06:48:13 Success.
2025-01-30 06:48:13 Latest version is 1.7.7
2025-01-30 06:48:13 App is up to date.
2025-01-30 07:48:13 Checking for update using Github
2025-01-30 07:48:13 Success.
2025-01-30 07:48:13 Latest version is 1.7.7
2025-01-30 07:48:13 App is up to date.
2025-01-30 08:48:13 Checking for update using Github
2025-01-30 08:48:15 Success.
2025-01-30 08:48:15 Latest version is 1.7.7
2025-01-30 08:48:15 App is up to date.
2025-01-30 09:48:13 Checking for update using Github
2025-01-30 09:48:13 Success.
2025-01-30 09:48:13 Latest version is 1.7.7
2025-01-30 09:48:13 App is up to date.
2025-01-30 10:48:13 Checking for update using Github
2025-01-30 10:48:13 Success.
2025-01-30 10:48:13 Latest version is 1.7.7
2025-01-30 10:48:13 App is up to date.
2025-01-30 11:48:13 Checking for update using Github
2025-01-30 11:48:13 Success.
2025-01-30 11:48:13 Latest version is 1.7.7
2025-01-30 11:48:13 App is up to date.
2025-01-30 12:48:18 Checking for update using Github
2025-01-30 12:48:19 Success.
2025-01-30 12:48:19 Latest version is 1.7.7
2025-01-30 12:48:19 App is up to date.
2025-01-30 13:48:17 Checking for update using Github
2025-01-30 13:48:17 Success.
2025-01-30 13:48:17 Latest version is 1.7.7
2025-01-30 13:48:17 App is up to date.
2025-01-30 14:48:17 Checking for update using Github
2025-01-30 14:48:17 Success.
2025-01-30 14:48:17 Latest version is 1.7.7
2025-01-30 14:48:17 App is up to date.
2025-01-30 15:48:17 Checking for update using Github
2025-01-30 15:48:17 Success.
2025-01-30 15:48:17 Latest version is 1.7.7
2025-01-30 15:48:17 App is up to date.
2025-01-30 16:48:17 Checking for update using Github
2025-01-30 16:48:17 Success.
2025-01-30 16:48:17 Latest version is 1.8.3
2025-01-30 16:48:17 Downloading update from https://github.com/obsidianmd/obsidian-releases/releases/download/v1.8.3/obsidian-1.8.3.asar.gz
2025-01-30 16:48:23 Verifying hash & signature. Size= 8123758
2025-01-30 16:48:23 Saving file
2025-01-30 16:48:24 Update complete.
2025-01-30 17:48:17 Checking for update using Github
2025-01-30 17:48:17 Success.
2025-01-30 17:48:17 Latest version is 1.8.3
2025-01-30 17:48:17 An update is already downloaded.
2025-01-30 18:48:17 Checking for update using Github
2025-01-30 18:48:18 Success.
2025-01-30 18:48:18 Latest version is 1.8.3
2025-01-30 18:48:18 An update is already downloaded.
2025-01-30 19:48:17 Checking for update using Github
2025-01-30 19:48:18 Success.
2025-01-30 19:48:18 Latest version is 1.8.3
2025-01-30 19:48:18 An update is already downloaded.
2025-01-30 20:48:18 Checking for update using Github
2025-01-30 20:48:23 Success.
2025-01-30 20:48:23 Latest version is 1.8.3
2025-01-30 20:48:23 An update is already downloaded.
2025-01-30 21:48:18 Checking for update using Github
2025-01-30 21:48:18 Success.
2025-01-30 21:48:18 Latest version is 1.8.3
2025-01-30 21:48:18 An update is already downloaded.
2025-01-30 22:48:18 Checking for update using Github
2025-01-30 22:48:18 Success.
2025-01-30 22:48:18 Latest version is 1.8.3
2025-01-30 22:48:18 An update is already downloaded.
2025-01-31 05:15:47 Checking for update using Github
2025-01-31 05:15:52 Success.
2025-01-31 05:15:52 Latest version is 1.8.3
2025-01-31 05:15:52 An update is already downloaded.
2025-01-31 06:15:47 Checking for update using Github
2025-01-31 06:15:47 Success.
2025-01-31 06:15:47 Latest version is 1.8.3
2025-01-31 06:15:47 An update is already downloaded.
2025-01-31 07:15:47 Checking for update using Github
2025-01-31 07:15:47 Success.
2025-01-31 07:15:47 Latest version is 1.8.3
2025-01-31 07:15:47 An update is already downloaded.
2025-01-31 08:15:49 Checking for update using Github
2025-01-31 08:15:51 Success.
2025-01-31 08:15:51 Latest version is 1.8.3
2025-01-31 08:15:51 An update is already downloaded.
2025-01-31 09:15:49 Checking for update using Github
2025-01-31 09:15:49 Success.
2025-01-31 09:15:49 Latest version is 1.8.3
2025-01-31 09:15:49 An update is already downloaded.
2025-01-31 10:15:49 Checking for update using Github
2025-01-31 10:15:49 Success.
2025-01-31 10:15:49 Latest version is 1.8.3
2025-01-31 10:15:49 An update is already downloaded.
2025-01-31 11:15:49 Checking for update using Github
2025-01-31 11:15:49 Success.
2025-01-31 11:15:49 Latest version is 1.8.3
2025-01-31 11:15:49 An update is already downloaded.
2025-01-31 14:47:44 Loading main app package /usr/lib/obsidian/obsidian.asar
2025-01-31 14:47:46 Checking for update using Github
2025-01-31 14:47:47 Success.
2025-01-31 14:47:47 Latest version is 1.8.3
2025-01-31 14:47:47 App is up to date.
2025-01-31 15:47:45 Checking for update using Github
2025-01-31 15:47:45 Success.
2025-01-31 15:47:45 Latest version is 1.8.4
2025-01-31 15:47:45 Downloading update from https://github.com/obsidianmd/obsidian-releases/releases/download/v1.8.4/obsidian-1.8.4.asar.gz
2025-01-31 15:47:49 Verifying hash & signature. Size= 8123782
2025-01-31 15:47:49 Saving file
2025-01-31 15:47:50 Update complete.
2025-01-31 16:47:45 Checking for update using Github
2025-01-31 16:47:45 Success.
2025-01-31 16:47:45 Latest version is 1.8.4
2025-01-31 16:47:45 An update is already downloaded.
2025-01-31 17:47:45 Checking for update using Github
2025-01-31 17:47:45 Success.
2025-01-31 17:47:45 Latest version is 1.8.4
2025-01-31 17:47:45 An update is already downloaded.
2025-01-31 18:47:45 Checking for update using Github
2025-01-31 18:47:45 Success.
2025-01-31 18:47:45 Latest version is 1.8.4
2025-01-31 18:47:45 An update is already downloaded.
2025-01-31 19:47:45 Checking for update using Github
2025-01-31 19:47:45 Success.
2025-01-31 19:47:45 Latest version is 1.8.4
2025-01-31 19:47:45 An update is already downloaded.
2025-01-31 20:47:45 Checking for update using Github
2025-01-31 20:47:45 Success.
2025-01-31 20:47:45 Latest version is 1.8.4
2025-01-31 20:47:45 An update is already downloaded.
2025-01-31 21:47:46 Checking for update using Github
2025-01-31 21:47:47 Success.
2025-01-31 21:47:47 Latest version is 1.8.4
2025-01-31 21:47:47 An update is already downloaded.
2025-02-01 05:52:43 Checking for update using Github
2025-02-01 05:52:43 Success.
2025-02-01 05:52:43 Latest version is 1.8.4
2025-02-01 05:52:43 An update is already downloaded.
2025-02-01 06:52:43 Checking for update using Github
2025-02-01 06:52:49 Success.
2025-02-01 06:52:49 Latest version is 1.8.4
2025-02-01 06:52:49 An update is already downloaded.
2025-02-01 07:52:43 Checking for update using Github
2025-02-01 07:52:43 Success.
2025-02-01 07:52:43 Latest version is 1.8.4
2025-02-01 07:52:43 An update is already downloaded.
2025-02-01 08:52:43 Checking for update using Github
2025-02-01 08:52:44 Success.
2025-02-01 08:52:44 Latest version is 1.8.4
2025-02-01 08:52:44 An update is already downloaded.
2025-02-01 09:52:43 Checking for update using Github
2025-02-01 09:52:44 Success.
2025-02-01 09:52:44 Latest version is 1.8.4
2025-02-01 09:52:44 An update is already downloaded.
2025-02-01 10:52:43 Checking for update using Github
2025-02-01 10:52:44 Success.
2025-02-01 10:52:44 Latest version is 1.8.4
2025-02-01 10:52:44 An update is already downloaded.
2025-02-01 11:52:43 Checking for update using Github
2025-02-01 11:52:44 Success.
2025-02-01 11:52:44 Latest version is 1.8.4
2025-02-01 11:52:44 An update is already downloaded.
2025-02-01 12:52:44 Checking for update using Github
2025-02-01 12:52:44 Success.
2025-02-01 12:52:44 Latest version is 1.8.4
2025-02-01 12:52:44 An update is already downloaded.
2025-02-01 13:52:44 Checking for update using Github
2025-02-01 13:52:44 Success.
2025-02-01 13:52:44 Latest version is 1.8.4
2025-02-01 13:52:44 An update is already downloaded.
2025-02-01 14:52:44 Checking for update using Github
2025-02-01 14:52:44 Success.
2025-02-01 14:52:44 Latest version is 1.8.4
2025-02-01 14:52:44 An update is already downloaded.
2025-02-01 15:52:44 Checking for update using Github
2025-02-01 15:52:44 Success.
2025-02-01 15:52:44 Latest version is 1.8.4
2025-02-01 15:52:44 An update is already downloaded.
2025-02-01 16:52:44 Checking for update using Github
2025-02-01 16:52:44 Success.
2025-02-01 16:52:44 Latest version is 1.8.4
2025-02-01 16:52:44 An update is already downloaded.
2025-02-01 17:52:44 Checking for update using Github
2025-02-01 17:52:44 Success.
2025-02-01 17:52:44 Latest version is 1.8.4
2025-02-01 17:52:44 An update is already downloaded.
2025-02-01 18:52:44 Checking for update using Github
2025-02-01 18:52:44 Success.
2025-02-01 18:52:44 Latest version is 1.8.4
2025-02-01 18:52:44 An update is already downloaded.
2025-02-01 19:52:44 Checking for update using Github
2025-02-01 19:52:44 Success.
2025-02-01 19:52:44 Latest version is 1.8.4
2025-02-01 19:52:44 An update is already downloaded.
2025-02-01 20:52:44 Checking for update using Github
2025-02-01 20:52:44 Success.
2025-02-01 20:52:44 Latest version is 1.8.4
2025-02-01 20:52:44 An update is already downloaded.
2025-02-01 21:52:44 Checking for update using Github
2025-02-01 21:52:45 Success.
2025-02-01 21:52:45 Latest version is 1.8.4
2025-02-01 21:52:45 An update is already downloaded.
2025-02-01 22:52:44 Checking for update using Github
2025-02-01 22:52:45 Success.
2025-02-01 22:52:45 Latest version is 1.8.4
2025-02-01 22:52:45 An update is already downloaded.
2025-02-01 23:52:44 Checking for update using Github
2025-02-01 23:52:45 Success.
2025-02-01 23:52:45 Latest version is 1.8.4
2025-02-01 23:52:45 An update is already downloaded.
2025-02-02 08:31:38 Checking for update using Github
2025-02-02 08:31:38 Success.
2025-02-02 08:31:38 Latest version is 1.8.4
2025-02-02 08:31:38 An update is already downloaded.
2025-02-02 09:31:38 Checking for update using Github
2025-02-02 09:31:38 Success.
2025-02-02 09:31:38 Latest version is 1.8.4
2025-02-02 09:31:38 An update is already downloaded.
2025-02-02 10:31:38 Checking for update using Github
2025-02-02 10:31:38 Success.
2025-02-02 10:31:38 Latest version is 1.8.4
2025-02-02 10:31:38 An update is already downloaded.
2025-02-02 11:31:38 Checking for update using Github
2025-02-02 11:31:38 Success.
2025-02-02 11:31:38 Latest version is 1.8.4
2025-02-02 11:31:38 An update is already downloaded.
2025-02-02 12:31:38 Checking for update using Github
2025-02-02 12:31:38 Success.
2025-02-02 12:31:38 Latest version is 1.8.4
2025-02-02 12:31:38 An update is already downloaded.
2025-02-02 13:31:38 Checking for update using Github
2025-02-02 13:31:38 Success.
2025-02-02 13:31:38 Latest version is 1.8.4
2025-02-02 13:31:38 An update is already downloaded.
2025-02-02 14:31:38 Checking for update using Github
2025-02-02 14:31:38 Success.
2025-02-02 14:31:38 Latest version is 1.8.4
2025-02-02 14:31:38 An update is already downloaded.
2025-02-02 15:31:38 Checking for update using Github
2025-02-02 15:31:38 Success.
2025-02-02 15:31:38 Latest version is 1.8.4
2025-02-02 15:31:38 An update is already downloaded.
2025-02-02 16:31:38 Checking for update using Github
2025-02-02 16:31:39 Success.
2025-02-02 16:31:39 Latest version is 1.8.4
2025-02-02 16:31:39 An update is already downloaded.
2025-02-02 17:31:38 Checking for update using Github
2025-02-02 17:31:39 Success.
2025-02-02 17:31:39 Latest version is 1.8.4
2025-02-02 17:31:39 An update is already downloaded.
2025-02-02 18:31:38 Checking for update using Github
2025-02-02 18:31:40 Success.
2025-02-02 18:31:40 Latest version is 1.8.4
2025-02-02 18:31:40 An update is already downloaded.
2025-02-02 19:31:39 Checking for update using Github
2025-02-02 19:31:39 Success.
2025-02-02 19:31:39 Latest version is 1.8.4
2025-02-02 19:31:39 An update is already downloaded.
2025-02-02 20:31:39 Checking for update using Github
2025-02-02 20:31:39 Failed to check for update using Github (net::ERR_NAME_NOT_RESOLVED)
2025-02-02 20:31:39 Checking for update using obsidian.md
2025-02-02 20:31:39 Failed to check for update using obsidian.md (net::ERR_NAME_NOT_RESOLVED)
2025-02-02 21:31:39 Checking for update using Github
2025-02-02 21:31:47 Success.
2025-02-02 21:31:47 Latest version is 1.8.4
2025-02-02 21:31:47 An update is already downloaded.
2025-02-02 22:31:39 Checking for update using Github
2025-02-02 22:31:49 Success.
2025-02-02 22:31:49 Latest version is 1.8.4
2025-02-02 22:31:49 An update is already downloaded.
2025-02-03 07:25:01 Checking for update using Github
2025-02-03 07:25:01 Success.
2025-02-03 07:25:01 Latest version is 1.8.4
2025-02-03 07:25:01 An update is already downloaded.
2025-02-03 08:25:01 Checking for update using Github
2025-02-03 08:25:01 Success.
2025-02-03 08:25:01 Latest version is 1.8.4
2025-02-03 08:25:01 An update is already downloaded.
2025-02-03 09:25:01 Checking for update using Github
2025-02-03 09:25:01 Success.
2025-02-03 09:25:01 Latest version is 1.8.4
2025-02-03 09:25:01 An update is already downloaded.
2025-02-03 10:25:01 Checking for update using Github
2025-02-03 10:25:02 Success.
2025-02-03 10:25:02 Latest version is 1.8.4
2025-02-03 10:25:02 An update is already downloaded.
2025-02-03 11:25:01 Checking for update using Github
2025-02-03 11:25:01 Success.
2025-02-03 11:25:01 Latest version is 1.8.4
2025-02-03 11:25:01 An update is already downloaded.
2025-02-03 12:25:01 Checking for update using Github
2025-02-03 12:25:01 Success.
2025-02-03 12:25:01 Latest version is 1.8.4
2025-02-03 12:25:01 An update is already downloaded.
2025-02-03 13:25:01 Checking for update using Github
2025-02-03 13:25:02 Success.
2025-02-03 13:25:02 Latest version is 1.8.4
2025-02-03 13:25:02 An update is already downloaded.
2025-02-03 14:25:01 Checking for update using Github
2025-02-03 14:25:02 Success.
2025-02-03 14:25:02 Latest version is 1.8.4
2025-02-03 14:25:02 An update is already downloaded.
2025-02-03 15:25:01 Checking for update using Github
2025-02-03 15:25:02 Success.
2025-02-03 15:25:02 Latest version is 1.8.4
2025-02-03 15:25:02 An update is already downloaded.
2025-02-03 16:25:01 Checking for update using Github
2025-02-03 16:25:02 Success.
2025-02-03 16:25:02 Latest version is 1.8.4
2025-02-03 16:25:02 An update is already downloaded.
2025-02-03 17:25:01 Checking for update using Github
2025-02-03 17:25:02 Success.
2025-02-03 17:25:02 Latest version is 1.8.4
2025-02-03 17:25:02 An update is already downloaded.
2025-02-03 18:25:02 Checking for update using Github
2025-02-03 18:25:02 Success.
2025-02-03 18:25:02 Latest version is 1.8.4
2025-02-03 18:25:02 An update is already downloaded.
2025-02-03 19:25:02 Checking for update using Github
2025-02-03 19:25:02 Success.
2025-02-03 19:25:02 Latest version is 1.8.4
2025-02-03 19:25:02 An update is already downloaded.
2025-02-03 20:25:02 Checking for update using Github
2025-02-03 20:25:02 Success.
2025-02-03 20:25:02 Latest version is 1.8.4
2025-02-03 20:25:02 An update is already downloaded.
2025-02-03 21:25:02 Checking for update using Github
2025-02-03 21:25:02 Success.
2025-02-03 21:25:02 Latest version is 1.8.4
2025-02-03 21:25:02 An update is already downloaded.
2025-02-03 22:25:02 Checking for update using Github
2025-02-03 22:25:02 Success.
2025-02-03 22:25:02 Latest version is 1.8.4
2025-02-03 22:25:02 An update is already downloaded.
2025-02-04 07:37:27 Loading main app package /usr/lib/obsidian/obsidian.asar
2025-02-04 07:37:32 Checking for update using Github
2025-02-04 07:37:35 Success.
2025-02-04 07:37:35 Latest version is 1.8.4
2025-02-04 07:37:35 App is up to date.
2025-02-04 08:37:27 Checking for update using Github
2025-02-04 08:37:31 Success.
2025-02-04 08:37:31 Latest version is 1.8.4
2025-02-04 08:37:31 App is up to date.
2025-02-04 09:37:27 Checking for update using Github
2025-02-04 09:37:27 Success.
2025-02-04 09:37:27 Latest version is 1.8.4
2025-02-04 09:37:27 App is up to date.
2025-02-04 10:37:27 Checking for update using Github
2025-02-04 10:37:27 Success.
2025-02-04 10:37:27 Latest version is 1.8.4
2025-02-04 10:37:27 App is up to date.
2025-02-04 11:37:27 Checking for update using Github
2025-02-04 11:37:27 Success.
2025-02-04 11:37:27 Latest version is 1.8.4
2025-02-04 11:37:27 App is up to date.
2025-02-04 12:37:27 Checking for update using Github
2025-02-04 12:37:27 Success.
2025-02-04 12:37:27 Latest version is 1.8.4
2025-02-04 12:37:27 App is up to date.
2025-02-04 13:37:27 Checking for update using Github
2025-02-04 13:37:27 Success.
2025-02-04 13:37:27 Latest version is 1.8.4
2025-02-04 13:37:27 App is up to date.
2025-02-04 14:37:27 Checking for update using Github
2025-02-04 14:37:27 Success.
2025-02-04 14:37:27 Latest version is 1.8.4
2025-02-04 14:37:27 App is up to date.
2025-02-04 15:37:27 Checking for update using Github
2025-02-04 15:37:27 Success.
2025-02-04 15:37:27 Latest version is 1.8.4
2025-02-04 15:37:27 App is up to date.
2025-02-04 16:37:27 Checking for update using Github
2025-02-04 16:37:27 Success.
2025-02-04 16:37:27 Latest version is 1.8.4
2025-02-04 16:37:27 App is up to date.
2025-02-04 17:37:27 Checking for update using Github
2025-02-04 17:37:28 Success.
2025-02-04 17:37:28 Latest version is 1.8.4
2025-02-04 17:37:28 App is up to date.
2025-02-04 18:37:27 Checking for update using Github
2025-02-04 18:37:28 Success.
2025-02-04 18:37:28 Latest version is 1.8.4
2025-02-04 18:37:28 App is up to date.
2025-02-04 19:37:27 Checking for update using Github
2025-02-04 19:37:28 Success.
2025-02-04 19:37:28 Latest version is 1.8.4
2025-02-04 19:37:28 App is up to date.
2025-02-04 20:15:44 Loading main app package /usr/lib/obsidian/obsidian.asar
2025-02-04 20:15:44 Checking for update using Github
2025-02-04 20:15:45 Success.
2025-02-04 20:15:45 Latest version is 1.8.4
2025-02-04 20:15:45 App is up to date.
2025-02-04 21:15:44 Checking for update using Github
2025-02-04 21:15:44 Success.
2025-02-04 21:15:44 Latest version is 1.8.4
2025-02-04 21:15:44 App is up to date.
2025-02-04 22:15:44 Checking for update using Github
2025-02-04 22:15:44 Success.
2025-02-04 22:15:44 Latest version is 1.8.4
2025-02-04 22:15:44 App is up to date.
2025-02-05 06:14:52 Checking for update using Github
2025-02-05 06:14:52 Success.
2025-02-05 06:14:52 Latest version is 1.8.4
2025-02-05 06:14:52 App is up to date.
2025-02-05 07:14:52 Checking for update using Github
2025-02-05 07:14:52 Success.
2025-02-05 07:14:52 Latest version is 1.8.4
2025-02-05 07:14:52 App is up to date.
2025-02-05 08:14:52 Checking for update using Github
2025-02-05 08:14:52 Success.
2025-02-05 08:14:52 Latest version is 1.8.4
2025-02-05 08:14:52 App is up to date.
2025-02-05 09:14:52 Checking for update using Github
2025-02-05 09:14:52 Success.
2025-02-05 09:14:52 Latest version is 1.8.4
2025-02-05 09:14:52 App is up to date.
2025-02-05 10:14:52 Checking for update using Github
2025-02-05 10:14:52 Success.
2025-02-05 10:14:52 Latest version is 1.8.4
2025-02-05 10:14:52 App is up to date.
2025-02-05 11:14:52 Checking for update using Github
2025-02-05 11:14:52 Success.
2025-02-05 11:14:52 Latest version is 1.8.4
2025-02-05 11:14:52 App is up to date.
2025-02-05 12:14:52 Checking for update using Github
2025-02-05 12:14:52 Success.
2025-02-05 12:14:52 Latest version is 1.8.4
2025-02-05 12:14:52 App is up to date.
2025-02-05 13:14:52 Checking for update using Github
2025-02-05 13:14:52 Success.
2025-02-05 13:14:52 Latest version is 1.8.4
2025-02-05 13:14:52 App is up to date.
2025-02-05 14:14:52 Checking for update using Github
2025-02-05 14:14:52 Success.
2025-02-05 14:14:52 Latest version is 1.8.4
2025-02-05 14:14:52 App is up to date.
2025-02-05 15:14:52 Checking for update using Github
2025-02-05 15:14:53 Success.
2025-02-05 15:14:53 Latest version is 1.8.4
2025-02-05 15:14:53 App is up to date.
2025-02-05 16:14:52 Checking for update using Github
2025-02-05 16:14:53 Success.
2025-02-05 16:14:53 Latest version is 1.8.4
2025-02-05 16:14:53 App is up to date.
2025-02-05 17:14:52 Checking for update using Github
2025-02-05 17:14:53 Success.
2025-02-05 17:14:53 Latest version is 1.8.4
2025-02-05 17:14:53 App is up to date.
2025-02-05 18:14:52 Checking for update using Github
2025-02-05 18:14:53 Success.
2025-02-05 18:14:53 Latest version is 1.8.4
2025-02-05 18:14:53 App is up to date.
2025-02-05 19:14:52 Checking for update using Github
2025-02-05 19:14:53 Success.
2025-02-05 19:14:53 Latest version is 1.8.4
2025-02-05 19:14:53 App is up to date.
2025-02-05 20:14:53 Checking for update using Github
2025-02-05 20:14:53 Success.
2025-02-05 20:14:53 Latest version is 1.8.4
2025-02-05 20:14:53 App is up to date.
2025-02-05 21:14:53 Checking for update using Github
2025-02-05 21:14:53 Success.
2025-02-05 21:14:53 Latest version is 1.8.4
2025-02-05 21:14:53 App is up to date.
2025-02-05 22:14:53 Checking for update using Github
2025-02-05 22:14:55 Success.
2025-02-05 22:14:55 Latest version is 1.8.4
2025-02-05 22:14:55 App is up to date.
2025-02-05 23:14:53 Checking for update using Github
2025-02-05 23:14:53 Success.
2025-02-05 23:14:53 Latest version is 1.8.4
2025-02-05 23:14:53 App is up to date.
2025-02-06 00:14:53 Checking for update using Github
2025-02-06 00:14:53 Success.
2025-02-06 00:14:53 Latest version is 1.8.4
2025-02-06 00:14:53 App is up to date.
2025-02-06 06:17:47 Checking for update using Github
2025-02-06 06:17:48 Success.
2025-02-06 06:17:48 Latest version is 1.8.4
2025-02-06 06:17:48 App is up to date.
2025-02-06 07:17:48 Checking for update using Github
2025-02-06 07:17:48 Success.
2025-02-06 07:17:48 Latest version is 1.8.4
2025-02-06 07:17:48 App is up to date.
2025-02-06 08:17:48 Checking for update using Github
2025-02-06 08:17:48 Success.
2025-02-06 08:17:48 Latest version is 1.8.4
2025-02-06 08:17:48 App is up to date.
2025-02-06 09:17:48 Checking for update using Github
2025-02-06 09:17:48 Success.
2025-02-06 09:17:48 Latest version is 1.8.4
2025-02-06 09:17:48 App is up to date.
2025-02-06 10:17:48 Checking for update using Github
2025-02-06 10:17:48 Success.
2025-02-06 10:17:48 Latest version is 1.8.4
2025-02-06 10:17:48 App is up to date.
2025-02-06 11:17:48 Checking for update using Github
2025-02-06 11:17:48 Success.
2025-02-06 11:17:48 Latest version is 1.8.4
2025-02-06 11:17:48 App is up to date.
2025-02-06 12:17:48 Checking for update using Github
2025-02-06 12:17:48 Success.
2025-02-06 12:17:48 Latest version is 1.8.4
2025-02-06 12:17:48 App is up to date.
2025-02-06 13:17:48 Checking for update using Github
2025-02-06 13:17:48 Success.
2025-02-06 13:17:48 Latest version is 1.8.4
2025-02-06 13:17:48 App is up to date.
2025-02-06 14:17:48 Checking for update using Github
2025-02-06 14:17:48 Success.
2025-02-06 14:17:48 Latest version is 1.8.4
2025-02-06 14:17:48 App is up to date.
2025-02-06 15:17:48 Checking for update using Github
2025-02-06 15:17:48 Success.
2025-02-06 15:17:48 Latest version is 1.8.4
2025-02-06 15:17:48 App is up to date.
2025-02-06 16:17:48 Checking for update using Github
2025-02-06 16:17:49 Success.
2025-02-06 16:17:49 Latest version is 1.8.4
2025-02-06 16:17:49 App is up to date.
2025-02-06 17:17:48 Checking for update using Github
2025-02-06 17:17:49 Success.
2025-02-06 17:17:49 Latest version is 1.8.4
2025-02-06 17:17:49 App is up to date.
2025-02-06 18:17:48 Checking for update using Github
2025-02-06 18:17:49 Success.
2025-02-06 18:17:49 Latest version is 1.8.4
2025-02-06 18:17:49 App is up to date.
2025-02-06 19:17:48 Checking for update using Github
2025-02-06 19:17:49 Success.
2025-02-06 19:17:49 Latest version is 1.8.4
2025-02-06 19:17:49 App is up to date.
2025-02-06 20:17:49 Checking for update using Github
2025-02-06 20:17:49 Success.
2025-02-06 20:17:49 Latest version is 1.8.4
2025-02-06 20:17:49 App is up to date.
2025-02-07 05:52:05 Checking for update using Github
2025-02-07 05:52:05 Success.
2025-02-07 05:52:05 Latest version is 1.8.4
2025-02-07 05:52:05 App is up to date.
2025-02-07 06:52:05 Checking for update using Github
2025-02-07 06:52:05 Success.
2025-02-07 06:52:05 Latest version is 1.8.4
2025-02-07 06:52:05 App is up to date.
2025-02-07 07:52:05 Checking for update using Github
2025-02-07 07:52:05 Success.
2025-02-07 07:52:05 Latest version is 1.8.4
2025-02-07 07:52:05 App is up to date.
2025-02-07 08:52:05 Checking for update using Github
2025-02-07 08:52:05 Success.
2025-02-07 08:52:05 Latest version is 1.8.4
2025-02-07 08:52:05 App is up to date.
2025-02-07 09:52:05 Checking for update using Github
2025-02-07 09:52:05 Success.
2025-02-07 09:52:05 Latest version is 1.8.4
2025-02-07 09:52:05 App is up to date.
2025-02-07 10:52:05 Checking for update using Github
2025-02-07 10:52:05 Success.
2025-02-07 10:52:05 Latest version is 1.8.4
2025-02-07 10:52:05 App is up to date.
2025-02-07 11:52:05 Checking for update using Github
2025-02-07 11:52:05 Success.
2025-02-07 11:52:05 Latest version is 1.8.4
2025-02-07 11:52:05 App is up to date.
2025-02-07 12:52:05 Checking for update using Github
2025-02-07 12:52:05 Success.
2025-02-07 12:52:05 Latest version is 1.8.4
2025-02-07 12:52:05 App is up to date.
2025-02-07 13:52:05 Checking for update using Github
2025-02-07 13:52:05 Success.
2025-02-07 13:52:05 Latest version is 1.8.4
2025-02-07 13:52:05 App is up to date.
2025-02-07 14:52:05 Checking for update using Github
2025-02-07 14:52:06 Success.
2025-02-07 14:52:06 Latest version is 1.8.4
2025-02-07 14:52:06 App is up to date.
2025-02-07 15:52:05 Checking for update using Github
2025-02-07 15:52:05 Success.
2025-02-07 15:52:05 Latest version is 1.8.4
2025-02-07 15:52:05 App is up to date.
2025-02-07 16:52:05 Checking for update using Github
2025-02-07 16:52:06 Success.
2025-02-07 16:52:06 Latest version is 1.8.4
2025-02-07 16:52:06 App is up to date.
2025-02-07 17:52:05 Checking for update using Github
2025-02-07 17:52:06 Success.
2025-02-07 17:52:06 Latest version is 1.8.4
2025-02-07 17:52:06 App is up to date.
2025-02-07 18:52:06 Checking for update using Github
2025-02-07 18:52:09 Success.
2025-02-07 18:52:09 Latest version is 1.8.4
2025-02-07 18:52:09 App is up to date.
2025-02-07 19:52:06 Checking for update using Github
2025-02-07 19:52:06 Success.
2025-02-07 19:52:06 Latest version is 1.8.4
2025-02-07 19:52:06 App is up to date.
2025-02-07 20:52:06 Checking for update using Github
2025-02-07 20:52:06 Success.
2025-02-07 20:52:06 Latest version is 1.8.4
2025-02-07 20:52:06 App is up to date.
2025-02-07 21:52:06 Checking for update using Github
2025-02-07 21:52:06 Success.
2025-02-07 21:52:06 Latest version is 1.8.4
2025-02-07 21:52:06 App is up to date.
2025-02-07 22:52:06 Checking for update using Github
2025-02-07 22:52:06 Success.
2025-02-07 22:52:06 Latest version is 1.8.4
2025-02-07 22:52:06 App is up to date.
2025-02-08 14:55:32 Checking for update using Github
2025-02-08 14:55:32 Success.
2025-02-08 14:55:32 Latest version is 1.8.4
2025-02-08 14:55:32 App is up to date.
2025-02-08 15:55:32 Checking for update using Github
2025-02-08 15:55:33 Success.
2025-02-08 15:55:33 Latest version is 1.8.4
2025-02-08 15:55:33 App is up to date.
2025-02-08 16:55:32 Checking for update using Github
2025-02-08 16:55:34 Success.
2025-02-08 16:55:34 Latest version is 1.8.4
2025-02-08 16:55:34 App is up to date.
2025-02-08 17:55:32 Checking for update using Github
2025-02-08 17:55:32 Success.
2025-02-08 17:55:32 Latest version is 1.8.4
2025-02-08 17:55:32 App is up to date.
2025-02-08 18:55:32 Checking for update using Github
2025-02-08 18:55:32 Success.
2025-02-08 18:55:32 Latest version is 1.8.4
2025-02-08 18:55:32 App is up to date.
2025-02-08 19:55:32 Checking for update using Github
2025-02-08 19:55:33 Success.
2025-02-08 19:55:33 Latest version is 1.8.4
2025-02-08 19:55:33 App is up to date.
2025-02-08 20:55:32 Checking for update using Github
2025-02-08 20:55:33 Success.
2025-02-08 20:55:33 Latest version is 1.8.4
2025-02-08 20:55:33 App is up to date.
2025-02-08 21:55:32 Checking for update using Github
2025-02-08 21:55:33 Success.
2025-02-08 21:55:33 Latest version is 1.8.4
2025-02-08 21:55:33 App is up to date.
2025-02-08 22:55:32 Checking for update using Github
2025-02-08 22:55:33 Success.
2025-02-08 22:55:33 Latest version is 1.8.4
2025-02-08 22:55:33 App is up to date.
2025-02-08 23:55:33 Checking for update using Github
2025-02-08 23:55:33 Success.
2025-02-08 23:55:33 Latest version is 1.8.4
2025-02-08 23:55:33 App is up to date.
2025-02-09 00:55:33 Checking for update using Github
2025-02-09 00:55:33 Success.
2025-02-09 00:55:33 Latest version is 1.8.4
2025-02-09 00:55:33 App is up to date.
2025-02-09 01:55:33 Checking for update using Github
2025-02-09 01:55:34 Success.
2025-02-09 01:55:34 Latest version is 1.8.4
2025-02-09 01:55:34 App is up to date.
2025-02-09 02:55:33 Checking for update using Github
2025-02-09 02:55:38 Success.
2025-02-09 02:55:38 Latest version is 1.8.4
2025-02-09 02:55:38 App is up to date.
2025-02-09 03:55:33 Checking for update using Github
2025-02-09 03:55:33 Success.
2025-02-09 03:55:33 Latest version is 1.8.4
2025-02-09 03:55:33 App is up to date.
2025-02-09 04:55:33 Checking for update using Github
2025-02-09 04:55:33 Success.
2025-02-09 04:55:33 Latest version is 1.8.4
2025-02-09 04:55:33 App is up to date.
2025-02-09 05:55:33 Checking for update using Github
2025-02-09 05:55:33 Success.
2025-02-09 05:55:33 Latest version is 1.8.4
2025-02-09 05:55:33 App is up to date.
2025-02-09 06:55:33 Checking for update using Github
2025-02-09 06:55:35 Success.
2025-02-09 06:55:35 Latest version is 1.8.4
2025-02-09 06:55:35 App is up to date.
2025-02-09 07:55:33 Checking for update using Github
2025-02-09 07:55:33 Success.
2025-02-09 07:55:33 Latest version is 1.8.4
2025-02-09 07:55:33 App is up to date.
2025-02-09 08:55:33 Checking for update using Github
2025-02-09 08:55:33 Success.
2025-02-09 08:55:33 Latest version is 1.8.4
2025-02-09 08:55:33 App is up to date.
2025-02-09 09:55:33 Checking for update using Github
2025-02-09 09:55:34 Success.
2025-02-09 09:55:34 Latest version is 1.8.4
2025-02-09 09:55:34 App is up to date.
2025-02-09 10:55:33 Checking for update using Github
2025-02-09 10:55:34 Success.
2025-02-09 10:55:34 Latest version is 1.8.4
2025-02-09 10:55:34 App is up to date.
2025-02-09 11:55:33 Checking for update using Github
2025-02-09 11:55:34 Success.
2025-02-09 11:55:34 Latest version is 1.8.4
2025-02-09 11:55:34 App is up to date.
2025-02-09 12:55:34 Checking for update using Github
2025-02-09 12:55:34 Success.
2025-02-09 12:55:34 Latest version is 1.8.4
2025-02-09 12:55:34 App is up to date.
2025-02-09 13:55:34 Checking for update using Github
2025-02-09 13:55:35 Success.
2025-02-09 13:55:36 Latest version is 1.8.4
2025-02-09 13:55:36 App is up to date.
2025-02-09 14:55:34 Checking for update using Github
2025-02-09 14:55:39 Success.
2025-02-09 14:55:39 Latest version is 1.8.4
2025-02-09 14:55:39 App is up to date.
2025-02-09 15:55:34 Checking for update using Github
2025-02-09 15:55:34 Success.
2025-02-09 15:55:34 Latest version is 1.8.4
2025-02-09 15:55:34 App is up to date.
2025-02-09 16:55:34 Checking for update using Github
2025-02-09 16:55:34 Success.
2025-02-09 16:55:34 Latest version is 1.8.4
2025-02-09 16:55:34 App is up to date.
2025-02-09 17:55:34 Checking for update using Github
2025-02-09 17:55:34 Success.
2025-02-09 17:55:34 Latest version is 1.8.4
2025-02-09 17:55:34 App is up to date.
2025-02-09 18:55:34 Checking for update using Github
2025-02-09 18:55:34 Success.
2025-02-09 18:55:34 Latest version is 1.8.4
2025-02-09 18:55:34 App is up to date.
2025-02-09 19:55:34 Checking for update using Github
2025-02-09 19:55:35 Success.
2025-02-09 19:55:35 Latest version is 1.8.4
2025-02-09 19:55:35 App is up to date.
2025-02-10 05:58:14 Checking for update using Github
2025-02-10 05:58:14 Success.
2025-02-10 05:58:14 Latest version is 1.8.4
2025-02-10 05:58:14 App is up to date.
2025-02-10 06:58:14 Checking for update using Github
2025-02-10 06:58:15 Success.
2025-02-10 06:58:15 Latest version is 1.8.4
2025-02-10 06:58:15 App is up to date.
2025-02-10 07:58:14 Checking for update using Github
2025-02-10 07:58:15 Success.
2025-02-10 07:58:15 Latest version is 1.8.4
2025-02-10 07:58:15 App is up to date.
2025-02-10 08:58:14 Checking for update using Github
2025-02-10 08:58:15 Success.
2025-02-10 08:58:15 Latest version is 1.8.4
2025-02-10 08:58:15 App is up to date.
2025-02-10 09:58:15 Checking for update using Github
2025-02-10 09:58:15 Success.
2025-02-10 09:58:15 Latest version is 1.8.4
2025-02-10 09:58:15 App is up to date.
2025-02-10 10:58:15 Checking for update using Github
2025-02-10 10:58:15 Success.
2025-02-10 10:58:15 Latest version is 1.8.4
2025-02-10 10:58:15 App is up to date.
2025-02-10 11:58:15 Checking for update using Github
2025-02-10 11:58:16 Success.
2025-02-10 11:58:16 Latest version is 1.8.4
2025-02-10 11:58:16 App is up to date.
2025-02-10 12:58:15 Checking for update using Github
2025-02-10 12:58:16 Success.
2025-02-10 12:58:16 Latest version is 1.8.4
2025-02-10 12:58:16 App is up to date.
2025-02-10 13:58:15 Checking for update using Github
2025-02-10 13:58:15 Success.
2025-02-10 13:58:15 Latest version is 1.8.4
2025-02-10 13:58:15 App is up to date.
2025-02-10 14:58:15 Checking for update using Github
2025-02-10 14:58:15 Success.
2025-02-10 14:58:15 Latest version is 1.8.4
2025-02-10 14:58:15 App is up to date.
2025-02-10 15:58:15 Checking for update using Github
2025-02-10 15:58:15 Success.
2025-02-10 15:58:15 Latest version is 1.8.4
2025-02-10 15:58:15 App is up to date.
2025-02-10 16:58:15 Checking for update using Github
2025-02-10 16:58:15 Success.
2025-02-10 16:58:15 Latest version is 1.8.4
2025-02-10 16:58:15 App is up to date.
2025-02-10 17:58:15 Checking for update using Github
2025-02-10 17:58:16 Success.
2025-02-10 17:58:16 Latest version is 1.8.4
2025-02-10 17:58:16 App is up to date.
2025-02-10 18:58:15 Checking for update using Github
2025-02-10 18:58:17 Success.
2025-02-10 18:58:17 Latest version is 1.8.4
2025-02-10 18:58:17 App is up to date.
2025-02-10 19:58:15 Checking for update using Github
2025-02-10 19:58:16 Success.
2025-02-10 19:58:16 Latest version is 1.8.4
2025-02-10 19:58:16 App is up to date.
2025-02-10 20:58:15 Checking for update using Github
2025-02-10 20:58:16 Success.
2025-02-10 20:58:16 Latest version is 1.8.4
2025-02-10 20:58:16 App is up to date.
2025-02-10 21:58:15 Checking for update using Github
2025-02-10 21:58:16 Success.
2025-02-10 21:58:16 Latest version is 1.8.4
2025-02-10 21:58:16 App is up to date.
2025-02-11 08:05:01 Checking for update using Github
2025-02-11 08:05:01 Success.
2025-02-11 08:05:01 Latest version is 1.8.4
2025-02-11 08:05:01 App is up to date.
2025-02-11 09:05:01 Checking for update using Github
2025-02-11 09:05:01 Success.
2025-02-11 09:05:01 Latest version is 1.8.4
2025-02-11 09:05:01 App is up to date.
2025-02-11 10:05:01 Checking for update using Github
2025-02-11 10:05:01 Success.
2025-02-11 10:05:01 Latest version is 1.8.4
2025-02-11 10:05:01 App is up to date.
2025-02-11 11:05:01 Checking for update using Github
2025-02-11 11:05:01 Success.
2025-02-11 11:05:01 Latest version is 1.8.4
2025-02-11 11:05:01 App is up to date.
2025-02-11 12:05:01 Checking for update using Github
2025-02-11 12:05:01 Success.
2025-02-11 12:05:01 Latest version is 1.8.4
2025-02-11 12:05:01 App is up to date.
2025-02-11 13:05:01 Checking for update using Github
2025-02-11 13:05:02 Success.
2025-02-11 13:05:02 Latest version is 1.8.4
2025-02-11 13:05:02 App is up to date.
2025-02-11 14:05:01 Checking for update using Github
2025-02-11 14:05:02 Success.
2025-02-11 14:05:02 Latest version is 1.8.4
2025-02-11 14:05:02 App is up to date.
2025-02-11 15:05:01 Checking for update using Github
2025-02-11 15:05:02 Success.
2025-02-11 15:05:02 Latest version is 1.8.4
2025-02-11 15:05:02 App is up to date.
2025-02-11 16:05:01 Checking for update using Github
2025-02-11 16:05:02 Success.
2025-02-11 16:05:02 Latest version is 1.8.4
2025-02-11 16:05:02 App is up to date.
2025-02-11 17:05:02 Checking for update using Github
2025-02-11 17:05:02 Success.
2025-02-11 17:05:02 Latest version is 1.8.4
2025-02-11 17:05:02 App is up to date.
2025-02-11 18:05:02 Checking for update using Github
2025-02-11 18:05:02 Success.
2025-02-11 18:05:02 Latest version is 1.8.4
2025-02-11 18:05:02 App is up to date.
2025-02-11 19:05:02 Checking for update using Github
2025-02-11 19:05:02 Success.
2025-02-11 19:05:02 Latest version is 1.8.4
2025-02-11 19:05:02 App is up to date.
2025-02-11 20:05:02 Checking for update using Github
2025-02-11 20:05:02 Success.
2025-02-11 20:05:02 Latest version is 1.8.4
2025-02-11 20:05:02 App is up to date.
2025-02-11 21:05:02 Checking for update using Github
2025-02-11 21:05:02 Success.
2025-02-11 21:05:02 Latest version is 1.8.4
2025-02-11 21:05:02 App is up to date.
2025-02-11 22:05:02 Checking for update using Github
2025-02-11 22:05:02 Success.
2025-02-11 22:05:02 Latest version is 1.8.4
2025-02-11 22:05:02 App is up to date.
2025-02-11 23:05:02 Checking for update using Github
2025-02-11 23:05:02 Success.
2025-02-11 23:05:02 Latest version is 1.8.4
2025-02-11 23:05:02 App is up to date.
2025-02-12 00:05:02 Checking for update using Github
2025-02-12 00:05:04 Success.
2025-02-12 00:05:04 Latest version is 1.8.4
2025-02-12 00:05:04 App is up to date.
2025-02-12 07:35:19 Checking for update using Github
2025-02-12 07:35:20 Success.
2025-02-12 07:35:20 Latest version is 1.8.4
2025-02-12 07:35:20 App is up to date.
2025-02-12 08:35:20 Checking for update using Github
2025-02-12 08:35:20 Success.
2025-02-12 08:35:20 Latest version is 1.8.4
2025-02-12 08:35:20 App is up to date.
2025-02-12 09:35:20 Checking for update using Github
2025-02-12 09:35:20 Success.
2025-02-12 09:35:20 Latest version is 1.8.4
2025-02-12 09:35:20 App is up to date.
2025-02-12 10:35:20 Checking for update using Github
2025-02-12 10:35:20 Success.
2025-02-12 10:35:20 Latest version is 1.8.4
2025-02-12 10:35:20 App is up to date.
2025-02-12 11:35:20 Checking for update using Github
2025-02-12 11:35:20 Success.
2025-02-12 11:35:20 Latest version is 1.8.4
2025-02-12 11:35:20 App is up to date.
2025-02-12 12:35:20 Checking for update using Github
2025-02-12 12:35:20 Success.
2025-02-12 12:35:20 Latest version is 1.8.4
2025-02-12 12:35:20 App is up to date.
2025-02-12 13:35:20 Checking for update using Github
2025-02-12 13:35:20 Success.
2025-02-12 13:35:20 Latest version is 1.8.4
2025-02-12 13:35:20 App is up to date.
2025-02-12 14:35:20 Checking for update using Github
2025-02-12 14:35:20 Success.
2025-02-12 14:35:20 Latest version is 1.8.4
2025-02-12 14:35:20 App is up to date.
2025-02-12 15:35:20 Checking for update using Github
2025-02-12 15:35:20 Success.
2025-02-12 15:35:20 Latest version is 1.8.4
2025-02-12 15:35:20 App is up to date.
2025-02-12 16:35:20 Checking for update using Github
2025-02-12 16:35:25 Success.
2025-02-12 16:35:25 Latest version is 1.8.4
2025-02-12 16:35:25 App is up to date.
2025-02-12 17:35:20 Checking for update using Github
2025-02-12 17:35:21 Success.
2025-02-12 17:35:21 Latest version is 1.8.4
2025-02-12 17:35:21 App is up to date.
2025-02-12 18:35:20 Checking for update using Github
2025-02-12 18:35:21 Success.
2025-02-12 18:35:21 Latest version is 1.8.4
2025-02-12 18:35:21 App is up to date.
2025-02-12 19:35:21 Checking for update using Github
2025-02-12 19:35:21 Success.
2025-02-12 19:35:21 Latest version is 1.8.4
2025-02-12 19:35:21 App is up to date.
2025-02-12 20:35:21 Checking for update using Github
2025-02-12 20:35:23 Success.
2025-02-12 20:35:23 Latest version is 1.8.4
2025-02-12 20:35:23 App is up to date.
2025-02-12 21:35:21 Checking for update using Github
2025-02-12 21:35:21 Success.
2025-02-12 21:35:21 Latest version is 1.8.4
2025-02-12 21:35:21 App is up to date.
2025-02-12 22:35:21 Checking for update using Github
2025-02-12 22:35:21 Success.
2025-02-12 22:35:21 Latest version is 1.8.4
2025-02-12 22:35:21 App is up to date.
2025-02-12 23:35:21 Checking for update using Github
2025-02-12 23:35:21 Success.
2025-02-12 23:35:21 Latest version is 1.8.4
2025-02-12 23:35:21 App is up to date.
2025-02-13 10:59:57 Checking for update using Github
2025-02-13 10:59:58 Success.
2025-02-13 10:59:58 Latest version is 1.8.4
2025-02-13 10:59:58 App is up to date.
2025-02-13 11:59:57 Checking for update using Github
2025-02-13 11:59:58 Success.
2025-02-13 11:59:58 Latest version is 1.8.4
2025-02-13 11:59:58 App is up to date.
2025-02-13 12:59:57 Checking for update using Github
2025-02-13 12:59:58 Success.
2025-02-13 12:59:58 Latest version is 1.8.4
2025-02-13 12:59:58 App is up to date.
2025-02-13 13:59:58 Checking for update using Github
2025-02-13 13:59:58 Success.
2025-02-13 13:59:58 Latest version is 1.8.4
2025-02-13 13:59:58 App is up to date.
2025-02-13 14:59:58 Checking for update using Github
2025-02-13 14:59:58 Success.
2025-02-13 14:59:58 Latest version is 1.8.4
2025-02-13 14:59:58 App is up to date.
2025-02-13 15:59:58 Checking for update using Github
2025-02-13 15:59:58 Success.
2025-02-13 15:59:58 Latest version is 1.8.4
2025-02-13 15:59:58 App is up to date.
2025-02-13 17:44:48 Loading main app package /usr/lib/obsidian/obsidian.asar
2025-02-13 17:44:53 Checking for update using Github
2025-02-13 17:44:55 Success.
2025-02-13 17:44:55 Latest version is 1.8.4
2025-02-13 17:44:55 App is up to date.
2025-02-13 18:44:48 Checking for update using Github
2025-02-13 18:44:49 Success.
2025-02-13 18:44:49 Latest version is 1.8.4
2025-02-13 18:44:49 App is up to date.
2025-02-13 19:44:49 Checking for update using Github
2025-02-13 19:44:49 Success.
2025-02-13 19:44:49 Latest version is 1.8.4
2025-02-13 19:44:49 App is up to date.
2025-02-13 20:44:49 Checking for update using Github
2025-02-13 20:44:49 Success.
2025-02-13 20:44:49 Latest version is 1.8.4
2025-02-13 20:44:49 App is up to date.
2025-02-13 21:44:49 Checking for update using Github
2025-02-13 21:44:52 Success.
2025-02-13 21:44:52 Latest version is 1.8.4
2025-02-13 21:44:52 App is up to date.
2025-02-13 22:44:49 Checking for update using Github
2025-02-13 22:44:49 Success.
2025-02-13 22:44:49 Latest version is 1.8.4
2025-02-13 22:44:49 App is up to date.
2025-02-13 23:44:49 Checking for update using Github
2025-02-13 23:44:49 Success.
2025-02-13 23:44:49 Latest version is 1.8.4
2025-02-13 23:44:49 App is up to date.
2025-02-14 10:25:15 Checking for update using Github
2025-02-14 10:25:15 Success.
2025-02-14 10:25:15 Latest version is 1.8.4
2025-02-14 10:25:15 App is up to date.
2025-02-14 11:25:15 Checking for update using Github
2025-02-14 11:25:16 Success.
2025-02-14 11:25:16 Latest version is 1.8.4
2025-02-14 11:25:16 App is up to date.
2025-02-14 12:25:15 Checking for update using Github
2025-02-14 12:25:16 Success.
2025-02-14 12:25:16 Latest version is 1.8.4
2025-02-14 12:25:16 App is up to date.
2025-02-14 13:25:15 Checking for update using Github
2025-02-14 13:25:16 Success.
2025-02-14 13:25:16 Latest version is 1.8.4
2025-02-14 13:25:16 App is up to date.
2025-02-14 14:25:15 Checking for update using Github
2025-02-14 14:25:16 Success.
2025-02-14 14:25:16 Latest version is 1.8.4
2025-02-14 14:25:16 App is up to date.
2025-02-14 15:25:16 Checking for update using Github
2025-02-14 15:25:19 Success.
2025-02-14 15:25:19 Latest version is 1.8.4
2025-02-14 15:25:19 App is up to date.
2025-02-14 16:25:16 Checking for update using Github
2025-02-14 16:25:16 Success.
2025-02-14 16:25:16 Latest version is 1.8.4
2025-02-14 16:25:16 App is up to date.
2025-02-14 17:25:16 Checking for update using Github
2025-02-14 17:25:16 Success.
2025-02-14 17:25:16 Latest version is 1.8.4
2025-02-14 17:25:16 App is up to date.
2025-02-14 18:25:16 Checking for update using Github
2025-02-14 18:25:16 Success.
2025-02-14 18:25:16 Latest version is 1.8.4
2025-02-14 18:25:16 App is up to date.
2025-02-14 19:25:16 Checking for update using Github
2025-02-14 19:25:16 Success.
2025-02-14 19:25:16 Latest version is 1.8.4
2025-02-14 19:25:16 App is up to date.
2025-02-14 20:25:16 Checking for update using Github
2025-02-14 20:25:16 Success.
2025-02-14 20:25:16 Latest version is 1.8.4
2025-02-14 20:25:16 App is up to date.
2025-02-14 21:25:16 Checking for update using Github
2025-02-14 21:25:23 Success.
2025-02-14 21:25:23 Latest version is 1.8.4
2025-02-14 21:25:23 App is up to date.
2025-02-14 22:25:16 Checking for update using Github
2025-02-14 22:25:17 Success.
2025-02-14 22:25:17 Latest version is 1.8.4
2025-02-14 22:25:17 App is up to date.
2025-02-15 11:01:16 Checking for update using Github
2025-02-15 11:01:22 Success.
2025-02-15 11:01:22 Latest version is 1.8.4
2025-02-15 11:01:22 App is up to date.
2025-02-15 12:01:16 Checking for update using Github
2025-02-15 12:01:16 Success.
2025-02-15 12:01:16 Latest version is 1.8.4
2025-02-15 12:01:16 App is up to date.
2025-02-15 13:01:16 Checking for update using Github
2025-02-15 13:01:16 Success.
2025-02-15 13:01:16 Latest version is 1.8.4
2025-02-15 13:01:16 App is up to date.
2025-02-15 14:01:16 Checking for update using Github
2025-02-15 14:01:16 Success.
2025-02-15 14:01:16 Latest version is 1.8.4
2025-02-15 14:01:16 App is up to date.
2025-02-15 15:01:16 Checking for update using Github
2025-02-15 15:01:16 Success.
2025-02-15 15:01:16 Latest version is 1.8.4
2025-02-15 15:01:16 App is up to date.
2025-02-15 16:01:16 Checking for update using Github
2025-02-15 16:01:17 Success.
2025-02-15 16:01:17 Latest version is 1.8.4
2025-02-15 16:01:17 App is up to date.
2025-02-15 17:01:16 Checking for update using Github
2025-02-15 17:01:18 Success.
2025-02-15 17:01:18 Latest version is 1.8.4
2025-02-15 17:01:18 App is up to date.
2025-02-15 18:01:16 Checking for update using Github
2025-02-15 18:01:17 Success.
2025-02-15 18:01:17 Latest version is 1.8.4
2025-02-15 18:01:17 App is up to date.
2025-02-15 19:01:16 Checking for update using Github
2025-02-15 19:01:17 Success.
2025-02-15 19:01:17 Latest version is 1.8.4
2025-02-15 19:01:17 App is up to date.
2025-02-15 20:01:17 Checking for update using Github
2025-02-15 20:01:17 Success.
2025-02-15 20:01:17 Latest version is 1.8.4
2025-02-15 20:01:17 App is up to date.
2025-02-15 21:01:17 Checking for update using Github
2025-02-15 21:01:17 Success.
2025-02-15 21:01:17 Latest version is 1.8.4
2025-02-15 21:01:17 App is up to date.
2025-02-15 22:01:17 Checking for update using Github
2025-02-15 22:01:18 Success.
2025-02-15 22:01:18 Latest version is 1.8.4
2025-02-15 22:01:18 App is up to date.
2025-02-15 23:01:17 Checking for update using Github
2025-02-15 23:01:17 Success.
2025-02-15 23:01:17 Latest version is 1.8.4
2025-02-15 23:01:17 App is up to date.
2025-02-16 00:01:17 Checking for update using Github
2025-02-16 00:01:18 Success.
2025-02-16 00:01:18 Latest version is 1.8.4
2025-02-16 00:01:18 App is up to date.
2025-02-16 08:33:07 Checking for update using Github
2025-02-16 08:33:08 Success.
2025-02-16 08:33:08 Latest version is 1.8.4
2025-02-16 08:33:08 App is up to date.
2025-02-16 09:33:07 Checking for update using Github
2025-02-16 09:33:08 Success.
2025-02-16 09:33:08 Latest version is 1.8.4
2025-02-16 09:33:08 App is up to date.
2025-02-16 10:33:07 Checking for update using Github
2025-02-16 10:33:08 Success.
2025-02-16 10:33:08 Latest version is 1.8.4
2025-02-16 10:33:08 App is up to date.
2025-02-16 11:33:08 Checking for update using Github
2025-02-16 11:33:14 Success.
2025-02-16 11:33:14 Latest version is 1.8.4
2025-02-16 11:33:14 App is up to date.
2025-02-16 12:33:08 Checking for update using Github
2025-02-16 12:33:08 Success.
2025-02-16 12:33:08 Latest version is 1.8.4
2025-02-16 12:33:08 App is up to date.
2025-02-16 13:33:08 Checking for update using Github
2025-02-16 13:33:08 Success.
2025-02-16 13:33:08 Latest version is 1.8.4
2025-02-16 13:33:08 App is up to date.
2025-02-16 14:33:08 Checking for update using Github
2025-02-16 14:33:08 Success.
2025-02-16 14:33:08 Latest version is 1.8.4
2025-02-16 14:33:08 App is up to date.
2025-02-16 15:33:08 Checking for update using Github
2025-02-16 15:33:08 Success.
2025-02-16 15:33:08 Latest version is 1.8.4
2025-02-16 15:33:08 App is up to date.
2025-02-16 16:33:08 Checking for update using Github
2025-02-16 16:33:08 Success.
2025-02-16 16:33:08 Latest version is 1.8.4
2025-02-16 16:33:08 App is up to date.
2025-02-16 17:33:08 Checking for update using Github
2025-02-16 17:33:16 Success.
2025-02-16 17:33:16 Latest version is 1.8.4
2025-02-16 17:33:16 App is up to date.
2025-02-16 18:33:08 Checking for update using Github
2025-02-16 18:33:08 Success.
2025-02-16 18:33:08 Latest version is 1.8.4
2025-02-16 18:33:08 App is up to date.
